2015-12-13 00:09:56 INFO  EncryptionLog4JLogger:35 - the encryption for file C:\Users\win7\Downloads\test1\myfile.txt with algorithm Shift Up took 0.01 milisecondes. The encrypted file is located in file C:\Users\win7\Downloads\test1\encrypted\\myfile.txt
2015-12-13 00:09:56 INFO  EncryptionLog4JLogger:35 - the encryption for file C:\Users\win7\Downloads\test1\myfile3.txt with algorithm Shift Up took 0.02 milisecondes. The encrypted file is located in file C:\Users\win7\Downloads\test1\encrypted\\myfile3.txt
2015-12-13 00:09:56 INFO  EncryptionLog4JLogger:35 - the encryption for file C:\Users\win7\Downloads\test1\myfile2.txt with algorithm Shift Up took 0.01 milisecondes. The encrypted file is located in file C:\Users\win7\Downloads\test1\encrypted\\myfile2.txt
2015-12-13 00:09:57 INFO  EncryptionLog4JLogger:35 - the encryption for file C:\Users\win7\Downloads\test1\Plasmodium_falciparum_malaria.txt with algorithm Shift Up took 1.209 milisecondes. The encrypted file is located in file C:\Users\win7\Downloads\test1\encrypted\\Plasmodium_falciparum_malaria.txt
2015-12-13 00:09:57 INFO  EncryptionLog4JLogger:35 - the encryption for file C:\Users\win7\Downloads\test1\Salmonella_Typhi_AG3.txt with algorithm Shift Up took 1.311 milisecondes. The encrypted file is located in file C:\Users\win7\Downloads\test1\encrypted\\Salmonella_Typhi_AG3.txt
2015-12-13 00:09:57 INFO  EncryptionLog4JLogger:35 - the encryption for file C:\Users\win7\Downloads\test1\corpus.txt with algorithm Shift Up took 1.331 milisecondes. The encrypted file is located in file C:\Users\win7\Downloads\test1\encrypted\\corpus.txt
2015-12-13 00:09:57 INFO  EncryptionLog4JLogger:35 - the encryption for file C:\Users\win7\Downloads\test1\Vibrio_cholerae_B33.txt with algorithm Shift Up took 1.331 milisecondes. The encrypted file is located in file C:\Users\win7\Downloads\test1\encrypted\\Vibrio_cholerae_B33.txt
2015-12-13 00:09:57 INFO  EncryptionLog4JLogger:35 - the encryption for Directory Asynchronous C:\Users\win7\Downloads\test1 with algorithm Shift Up took 1.331 milisecondes. The encrypted file is located in file C:\Users\win7\Downloads\test1\encrypted
2015-12-13 00:10:33 INFO  EncryptionLog4JLogger:35 - the encryption for file C:\Users\win7\Downloads\test1\myfile2.txt with algorithm Shift Up took 0.0 milisecondes. The encrypted file is located in file C:\Users\win7\Downloads\test1\encrypted\\myfile2.txt
2015-12-13 00:10:33 INFO  EncryptionLog4JLogger:35 - the encryption for file C:\Users\win7\Downloads\test1\myfile.txt with algorithm Shift Up took 0.02 milisecondes. The encrypted file is located in file C:\Users\win7\Downloads\test1\encrypted\\myfile.txt
2015-12-13 00:10:33 INFO  EncryptionLog4JLogger:35 - the encryption for file C:\Users\win7\Downloads\test1\myfile3.txt with algorithm Shift Up took 0.02 milisecondes. The encrypted file is located in file C:\Users\win7\Downloads\test1\encrypted\\myfile3.txt
2015-12-13 00:10:33 INFO  EncryptionLog4JLogger:35 - the encryption for file C:\Users\win7\Downloads\test1\Plasmodium_falciparum_malaria.txt with algorithm Shift Up took 1.3 milisecondes. The encrypted file is located in file C:\Users\win7\Downloads\test1\encrypted\\Plasmodium_falciparum_malaria.txt
2015-12-13 00:10:34 INFO  EncryptionLog4JLogger:35 - the encryption for file C:\Users\win7\Downloads\test1\Vibrio_cholerae_B33.txt with algorithm Shift Up took 1.33 milisecondes. The encrypted file is located in file C:\Users\win7\Downloads\test1\encrypted\\Vibrio_cholerae_B33.txt
2015-12-13 00:10:34 INFO  EncryptionLog4JLogger:35 - the encryption for file C:\Users\win7\Downloads\test1\Salmonella_Typhi_AG3.txt with algorithm Shift Up took 1.36 milisecondes. The encrypted file is located in file C:\Users\win7\Downloads\test1\encrypted\\Salmonella_Typhi_AG3.txt
2015-12-13 00:10:34 INFO  EncryptionLog4JLogger:35 - the encryption for file C:\Users\win7\Downloads\test1\corpus.txt with algorithm Shift Up took 1.37 milisecondes. The encrypted file is located in file C:\Users\win7\Downloads\test1\encrypted\\corpus.txt
2015-12-13 00:10:34 INFO  EncryptionLog4JLogger:35 - the encryption for Directory Asynchronous C:\Users\win7\Downloads\test1 with algorithm Shift Up took 1.37 milisecondes. The encrypted file is located in file C:\Users\win7\Downloads\test1\encrypted
2015-12-13 00:16:19 INFO  EncryptionLog4JLogger:35 - the encryption for file C:\Users\win7\Downloads\test1\myfile3.txt with algorithm Shift Up took 0.01 milisecondes. The encrypted file is located in file C:\Users\win7\Downloads\test1\encrypted\\myfile3.txt
2015-12-13 00:16:19 INFO  EncryptionLog4JLogger:35 - the encryption for file C:\Users\win7\Downloads\test1\myfile.txt with algorithm Shift Up took 0.01 milisecondes. The encrypted file is located in file C:\Users\win7\Downloads\test1\encrypted\\myfile.txt
2015-12-13 00:16:19 INFO  EncryptionLog4JLogger:35 - the encryption for file C:\Users\win7\Downloads\test1\key.txt with algorithm Shift Up took 0.02 milisecondes. The encrypted file is located in file C:\Users\win7\Downloads\test1\encrypted\\key.txt
2015-12-13 00:16:19 INFO  EncryptionLog4JLogger:35 - the encryption for file C:\Users\win7\Downloads\test1\myfile2.txt with algorithm Shift Up took 0.02 milisecondes. The encrypted file is located in file C:\Users\win7\Downloads\test1\encrypted\\myfile2.txt
2015-12-13 00:16:19 INFO  EncryptionLog4JLogger:35 - the encryption for file C:\Users\win7\Downloads\test1\Plasmodium_falciparum_malaria.txt with algorithm Shift Up took 1.073 milisecondes. The encrypted file is located in file C:\Users\win7\Downloads\test1\encrypted\\Plasmodium_falciparum_malaria.txt
2015-12-13 00:16:20 INFO  EncryptionLog4JLogger:35 - the encryption for file C:\Users\win7\Downloads\test1\Salmonella_Typhi_AG3.txt with algorithm Shift Up took 1.297 milisecondes. The encrypted file is located in file C:\Users\win7\Downloads\test1\encrypted\\Salmonella_Typhi_AG3.txt
2015-12-13 00:16:20 INFO  EncryptionLog4JLogger:35 - the encryption for file C:\Users\win7\Downloads\test1\corpus.txt with algorithm Shift Up took 1.317 milisecondes. The encrypted file is located in file C:\Users\win7\Downloads\test1\encrypted\\corpus.txt
2015-12-13 00:16:20 INFO  EncryptionLog4JLogger:35 - the encryption for file C:\Users\win7\Downloads\test1\Vibrio_cholerae_B33.txt with algorithm Shift Up took 1.357 milisecondes. The encrypted file is located in file C:\Users\win7\Downloads\test1\encrypted\\Vibrio_cholerae_B33.txt
2015-12-13 00:16:20 INFO  EncryptionLog4JLogger:35 - the encryption for Directory Asynchronous C:\Users\win7\Downloads\test1 with algorithm Shift Up took 1.367 milisecondes. The encrypted file is located in file C:\Users\win7\Downloads\test1\encrypted
2015-12-13 00:17:58 INFO  EncryptionLog4JLogger:35 - the encryption for file C:\Users\win7\Downloads\test1\myfile2.txt with algorithm Shift Up took 0.0 milisecondes. The encrypted file is located in file C:\Users\win7\Downloads\test1\myfile2_encrypted.txt
2015-12-13 00:18:57 INFO  EncryptionLog4JLogger:35 - the encryption for file C:\Users\win7\Downloads\test1\myfile2.txt with algorithm Shift Up took 0.0 milisecondes. The encrypted file is located in file C:\Users\win7\Downloads\test1\myfile2_encrypted.txt
2015-12-13 00:19:34 INFO  EncryptionLog4JLogger:35 - the encryption for file C:\Users\win7\Downloads\test1\myfile2.txt with algorithm Shift Up took 0.0 milisecondes. The encrypted file is located in file C:\Users\win7\Downloads\test1\myfile2_encrypted.txt
2015-12-13 00:20:52 INFO  EncryptionLog4JLogger:35 - the encryption for file C:\Users\win7\Downloads\test1\myfile2.txt with algorithm Shift Up took 0.0 milisecondes. The encrypted file is located in file C:\Users\win7\Downloads\test1\myfile2_encrypted.txt
2015-12-13 00:21:28 INFO  EncryptionLog4JLogger:35 - the encryption for file C:\Users\win7\Downloads\test1\myfile2.txt with algorithm Shift Up took 0.01 milisecondes. The encrypted file is located in file C:\Users\win7\Downloads\test1\myfile2_encrypted.txt
2015-12-13 00:25:00 INFO  EncryptionLog4JLogger:35 - the encryption for file C:\Users\win7\Downloads\test1\myfile2.txt with algorithm Shift Up took 0.0 milisecondes. The encrypted file is located in file C:\Users\win7\Downloads\test1\myfile2_encrypted.txt
2015-12-13 00:37:01 INFO  EncryptionLog4JLogger:35 - the decryption for file C:\Users\win7\Downloads\test1\myfile2.txt with algorithm Shift Up took 0.0 milisecondes. The encrypted file is located in file C:\Users\win7\Downloads\test1\myfile2_decrypted.txt
2015-12-13 00:43:20 INFO  EncryptionLog4JLogger:35 - the decryption for file C:\Users\win7\Downloads\test1\myfile2.txt with algorithm Shift Up took 0.0 milisecondes. The encrypted file is located in file C:\Users\win7\Downloads\test1\myfile2_decrypted.txt
2015-12-13 00:43:56 INFO  EncryptionLog4JLogger:35 - the decryption for file C:\Users\win7\Downloads\test1\myfile2.txt with algorithm Shift Up took 0.0 milisecondes. The encrypted file is located in file C:\Users\win7\Downloads\test1\myfile2_decrypted.txt
2015-12-13 00:45:50 INFO  EncryptionLog4JLogger:35 - the encryption for file C:\Users\win7\Downloads\test1\myfile2.txt with algorithm Shift Up took 0.0 milisecondes. The encrypted file is located in file C:\Users\win7\Downloads\test1\myfile2_encrypted.txt
2015-12-13 00:49:13 INFO  EncryptionLog4JLogger:35 - the encryption for file C:\Users\win7\Downloads\test1\myfile2.txt with algorithm Shift Up took 0.01 milisecondes. The encrypted file is located in file C:\Users\win7\Downloads\test1\myfile2_encrypted.txt
2015-12-13 00:49:58 INFO  EncryptionLog4JLogger:35 - the decryption for file C:\Users\win7\Downloads\test1\myfile2_encrypted.txt with algorithm Shift Up took 0.0 milisecondes. The encrypted file is located in file C:\Users\win7\Downloads\test1\myfile2_encrypted_decrypted.txt
2015-12-13 00:50:30 INFO  EncryptionLog4JLogger:35 - the decryption for file C:\Users\win7\Downloads\test1\myfile2_encrypted.txt with algorithm Shift Up took 0.0 milisecondes. The encrypted file is located in file C:\Users\win7\Downloads\test1\myfile2_encrypted_decrypted.txt
2015-12-13 00:50:44 INFO  EncryptionLog4JLogger:35 - the decryption for file C:\Users\win7\Downloads\test1\myfile2_encrypted.txt with algorithm Shift Up took 0.0 milisecondes. The encrypted file is located in file C:\Users\win7\Downloads\test1\myfile2_encrypted_decrypted.txt
2015-12-13 00:50:57 INFO  EncryptionLog4JLogger:35 - the decryption for file C:\Users\win7\Downloads\test1\myfile2_encrypted.txt with algorithm Shift Up took 0.01 milisecondes. The encrypted file is located in file C:\Users\win7\Downloads\test1\myfile2_encrypted_decrypted.txt
2016-01-02 18:58:27 INFO  EncryptionLog4JLogger:32 - the encryption for file C:\Users\win7\Downloads\myfile2.txt with algorithm Shift Up took 0.005 milisecondes. The encrypted file is located in file C:\Users\win7\Downloads\myfile2_encrypted.txt
